<?xml version="1.0" encoding="UTF-8"?>
<!-- Generated by org.testng.reporters.JUnitReportReporter -->
<testsuite name="com.dell.delta_uat_automation.testcases.TC_1341368_LA_PreSubmitDispatch_ReviewConfirmServiceDetails_KYHD_CompleteCareAlert_UX" tests="1" time="251.585" ignored="0" failures="1" timestamp="02 Apr 2017 18:28:21 GMT" skipped="0" hostname="W10DMLDT12" errors="0">
  <testcase name="validateTC_1341368_LA_PreSubmitDispatch_ReviewConfirmServiceDetails_KYHD_CompleteCareAlert_UX" time="251.585" classname="com.dell.delta_uat_automation.testcases.TC_1341368_LA_PreSubmitDispatch_ReviewConfirmServiceDetails_KYHD_CompleteCareAlert_UX">
    <failure type="java.lang.AssertionError" message="Failed while executing test case TC_1341368_PreSubmitDispatch_ReviewConfirmServiceDetails_KYHD_CompleteCareAlert_UX---------&gt;
  org.openqa.selenium.TimeoutException: Expected condition failed: waiting for presence of element located by: By.xpath: //span[text()=&#039;Acknowledge&#039;] (tried for 240 second(s) with 500 MILLISECONDS interval)
Build info: version: &#039;unknown&#039;, revision: &#039;31c43c8&#039;, time: &#039;2016-08-02 21:57:56 -0700&#039;
System info: host: &#039;W10DMLDT12&#039;, ip: &#039;10.132.129.57&#039;, os.name: &#039;Windows 10&#039;, os.arch: &#039;amd64&#039;, os.version: &#039;10.0&#039;, java.version: &#039;1.8.0_121&#039;
Driver info: org.openqa.selenium.ie.InternetExplorerDriver
Capabilities [{browserAttachTimeout=0, ie.enableFullPageScreenshot=true, enablePersistentHover=false, ie.forceCreateProcessApi=false, ie.forceShellWindowsApi=false, pageLoadStrategy=normal, ignoreZoomSetting=false, ie.fileUploadDialogTimeout=3000, version=11, platform=WINDOWS, nativeEvents=false, ie.ensureCleanSession=false, elementScrollBehavior=0, ie.browserCommandLineSwitches=, requireWindowFocus=false, browserName=internet explorer, initialBrowserUrl=http://localhost:9817/, javascriptEnabled=true, ignoreProtectedModeSettings=true, enableElementCacheCleanup=true, unexpectedAlertBehaviour=accept}]
Session ID: 485f6c21-793d-4deb-9025-49fbb9e6e223">
      <![CDATA[java.lang.AssertionError: Failed while executing test case TC_1341368_PreSubmitDispatch_ReviewConfirmServiceDetails_KYHD_CompleteCareAlert_UX--------->
  org.openqa.selenium.TimeoutException: Expected condition failed: waiting for presence of element located by: By.xpath: //span[text()='Acknowledge'] (tried for 240 second(s) with 500 MILLISECONDS interval)
Build info: version: 'unknown', revision: '31c43c8', time: '2016-08-02 21:57:56 -0700'
System info: host: 'W10DMLDT12', ip: '10.132.129.57', os.name: 'Windows 10', os.arch: 'amd64', os.version: '10.0', java.version: '1.8.0_121'
Driver info: org.openqa.selenium.ie.InternetExplorerDriver
Capabilities [{browserAttachTimeout=0, ie.enableFullPageScreenshot=true, enablePersistentHover=false, ie.forceCreateProcessApi=false, ie.forceShellWindowsApi=false, pageLoadStrategy=normal, ignoreZoomSetting=false, ie.fileUploadDialogTimeout=3000, version=11, platform=WINDOWS, nativeEvents=false, ie.ensureCleanSession=false, elementScrollBehavior=0, ie.browserCommandLineSwitches=, requireWindowFocus=false, browserName=internet explorer, initialBrowserUrl=http://localhost:9817/, javascriptEnabled=true, ignoreProtectedModeSettings=true, enableElementCacheCleanup=true, unexpectedAlertBehaviour=accept}]
Session ID: 485f6c21-793d-4deb-9025-49fbb9e6e223
	at org.testng.Assert.fail(Assert.java:94)
	at com.dell.delta_uat_automation.testcases.TC_1341368_LA_PreSubmitDispatch_ReviewConfirmServiceDetails_KYHD_CompleteCareAlert_UX.validateTC_1341368_LA_PreSubmitDispatch_ReviewConfirmServiceDetails_KYHD_CompleteCareAlert_UX(TC_1341368_LA_PreSubmitDispatch_ReviewConfirmServiceDetails_KYHD_CompleteCareAlert_UX.java:57)
	at sun.reflect.NativeMethodAccessorImpl.invoke0(Native Method)
	at sun.reflect.NativeMethodAccessorImpl.invoke(Unknown Source)
	at sun.reflect.DelegatingMethodAccessorImpl.invoke(Unknown Source)
	at java.lang.reflect.Method.invoke(Unknown Source)
	at org.testng.internal.MethodInvocationHelper.invokeMethod(MethodInvocationHelper.java:104)
	at org.testng.internal.Invoker.invokeMethod(Invoker.java:645)
	at org.testng.internal.Invoker.invokeTestMethod(Invoker.java:851)
	at org.testng.internal.Invoker.invokeTestMethods(Invoker.java:1177)
	at org.testng.internal.TestMethodWorker.invokeTestMethods(TestMethodWorker.java:129)
	at org.testng.internal.TestMethodWorker.run(TestMethodWorker.java:112)
	at org.testng.TestRunner.privateRun(TestRunner.java:756)
	at org.testng.TestRunner.run(TestRunner.java:610)
	at org.testng.SuiteRunner.runTest(SuiteRunner.java:387)
	at org.testng.SuiteRunner.runSequentially(SuiteRunner.java:382)
	at org.testng.SuiteRunner.privateRun(SuiteRunner.java:340)
	at org.testng.SuiteRunner.run(SuiteRunner.java:289)
	at org.testng.SuiteRunnerWorker.runSuite(SuiteRunnerWorker.java:52)
	at org.testng.SuiteRunnerWorker.run(SuiteRunnerWorker.java:86)
	at org.testng.TestNG.runSuitesSequentially(TestNG.java:1293)
	at org.testng.TestNG.runSuitesLocally(TestNG.java:1218)
	at org.testng.TestNG.runSuites(TestNG.java:1133)
	at org.testng.TestNG.run(TestNG.java:1104)
	at com.dell.delta_uat_automation.utility.TestNGCreator.createXml(TestNGCreator.java:264)
	at com.dell.delta_uat_automation.utility.TestNGCreator.main(TestNGCreator.java:186)
]]>
    </failure>
  </testcase> <!-- validateTC_1341368_LA_PreSubmitDispatch_ReviewConfirmServiceDetails_KYHD_CompleteCareAlert_UX -->
</testsuite> <!-- com.dell.delta_uat_automation.testcases.TC_1341368_LA_PreSubmitDispatch_ReviewConfirmServiceDetails_KYHD_CompleteCareAlert_UX -->
