<?xml version="1.0" encoding="UTF-8"?>
<!-- Generated by org.testng.reporters.JUnitReportReporter -->
<testsuite name="com.dell.delta_uat_automation.testcases.TC_1355241_AMER_Auto_Add_Parts_KYHD_CFI_UI" tests="1" time="376.458" ignored="0" failures="1" timestamp="28 Mar 2017 07:06:47 GMT" skipped="0" hostname="W1041LQD02" errors="0">
  <testcase name="validate_TC_1355241_AMER_Auto_Add_Parts_KYHD_CFI_UI" time="376.458" classname="com.dell.delta_uat_automation.testcases.TC_1355241_AMER_Auto_Add_Parts_KYHD_CFI_UI">
    <failure type="java.lang.AssertionError" message="Service Request Creation failed: org.openqa.selenium.UnhandledAlertException: Modal dialog present: Invalid characters in Email ID. Please ensure the email id is in the correct format.(SBL-EXL-00151)
Build info: version: &#039;unknown&#039;, revision: &#039;31c43c8&#039;, time: &#039;2016-08-02 21:57:56 -0700&#039;
System info: host: &#039;W1041LQD02&#039;, ip: &#039;192.168.56.1&#039;, os.name: &#039;Windows 10&#039;, os.arch: &#039;amd64&#039;, os.version: &#039;10.0&#039;, java.version: &#039;1.8.0_102&#039;
Driver info: org.openqa.selenium.ie.InternetExplorerDriver
Capabilities [{browserAttachTimeout=0, ie.enableFullPageScreenshot=true, enablePersistentHover=false, ie.forceCreateProcessApi=false, ie.forceShellWindowsApi=false, pageLoadStrategy=normal, ignoreZoomSetting=false, ie.fileUploadDialogTimeout=3000, version=11, platform=WINDOWS, nativeEvents=false, ie.ensureCleanSession=false, elementScrollBehavior=0, ie.browserCommandLineSwitches=, requireWindowFocus=false, browserName=internet explorer, initialBrowserUrl=http://localhost:8715/, javascriptEnabled=true, ignoreProtectedModeSettings=true, enableElementCacheCleanup=true, unexpectedAlertBehaviour=accept}]
Session ID: f7bd8122-beee-4012-8885-64b5ec66d96d
*** Element info: {Using=xpath, value=//input [@aria-label=&#039;SR Type&#039;]}">
      <![CDATA[java.lang.AssertionError: Service Request Creation failed: org.openqa.selenium.UnhandledAlertException: Modal dialog present: Invalid characters in Email ID. Please ensure the email id is in the correct format.(SBL-EXL-00151)
Build info: version: 'unknown', revision: '31c43c8', time: '2016-08-02 21:57:56 -0700'
System info: host: 'W1041LQD02', ip: '192.168.56.1', os.name: 'Windows 10', os.arch: 'amd64', os.version: '10.0', java.version: '1.8.0_102'
Driver info: org.openqa.selenium.ie.InternetExplorerDriver
Capabilities [{browserAttachTimeout=0, ie.enableFullPageScreenshot=true, enablePersistentHover=false, ie.forceCreateProcessApi=false, ie.forceShellWindowsApi=false, pageLoadStrategy=normal, ignoreZoomSetting=false, ie.fileUploadDialogTimeout=3000, version=11, platform=WINDOWS, nativeEvents=false, ie.ensureCleanSession=false, elementScrollBehavior=0, ie.browserCommandLineSwitches=, requireWindowFocus=false, browserName=internet explorer, initialBrowserUrl=http://localhost:8715/, javascriptEnabled=true, ignoreProtectedModeSettings=true, enableElementCacheCleanup=true, unexpectedAlertBehaviour=accept}]
Session ID: f7bd8122-beee-4012-8885-64b5ec66d96d
*** Element info: {Using=xpath, value=//input [@aria-label='SR Type']}
	at org.testng.Assert.fail(Assert.java:94)
	at com.dell.delta_uat_automation.workflows.AssetsWorkFlow.SR_Creation(AssetsWorkFlow.java:621)
	at com.dell.delta_uat_automation.testcases.TC_1355241_AMER_Auto_Add_Parts_KYHD_CFI_UI.validate_TC_1355241_AMER_Auto_Add_Parts_KYHD_CFI_UI(TC_1355241_AMER_Auto_Add_Parts_KYHD_CFI_UI.java:33)
	at sun.reflect.NativeMethodAccessorImpl.invoke0(Native Method)
	at sun.reflect.NativeMethodAccessorImpl.invoke(Unknown Source)
	at sun.reflect.DelegatingMethodAccessorImpl.invoke(Unknown Source)
	at java.lang.reflect.Method.invoke(Unknown Source)
	at org.testng.internal.MethodInvocationHelper.invokeMethod(MethodInvocationHelper.java:104)
	at org.testng.internal.Invoker.invokeMethod(Invoker.java:645)
	at org.testng.internal.Invoker.invokeTestMethod(Invoker.java:851)
	at org.testng.internal.Invoker.invokeTestMethods(Invoker.java:1177)
	at org.testng.internal.TestMethodWorker.invokeTestMethods(TestMethodWorker.java:129)
	at org.testng.internal.TestMethodWorker.run(TestMethodWorker.java:112)
	at org.testng.TestRunner.privateRun(TestRunner.java:756)
	at org.testng.TestRunner.run(TestRunner.java:610)
	at org.testng.SuiteRunner.runTest(SuiteRunner.java:387)
	at org.testng.SuiteRunner.runSequentially(SuiteRunner.java:382)
	at org.testng.SuiteRunner.privateRun(SuiteRunner.java:340)
	at org.testng.SuiteRunner.run(SuiteRunner.java:289)
	at org.testng.SuiteRunnerWorker.runSuite(SuiteRunnerWorker.java:52)
	at org.testng.SuiteRunnerWorker.run(SuiteRunnerWorker.java:86)
	at org.testng.TestNG.runSuitesSequentially(TestNG.java:1293)
	at org.testng.TestNG.runSuitesLocally(TestNG.java:1218)
	at org.testng.TestNG.runSuites(TestNG.java:1133)
	at org.testng.TestNG.run(TestNG.java:1104)
	at com.dell.delta_uat_automation.utility.TestNGCreator.createXml(TestNGCreator.java:264)
	at com.dell.delta_uat_automation.utility.TestNGCreator.main(TestNGCreator.java:186)
]]>
    </failure>
  </testcase> <!-- validate_TC_1355241_AMER_Auto_Add_Parts_KYHD_CFI_UI -->
</testsuite> <!-- com.dell.delta_uat_automation.testcases.TC_1355241_AMER_Auto_Add_Parts_KYHD_CFI_UI -->
