<?xml version="1.0" encoding="UTF-8"?>
<!-- Generated by org.testng.reporters.JUnitReportReporter -->
<testsuite name="com.dell.delta_uat_automation.testcases.TC_1352611_AP_Global_create_a_new_SR_in_Pick_Service_Request_Applet_order_based_UI" tests="2" time="0.000" ignored="0" failures="0" timestamp="12 Apr 2017 14:12:23 GMT" skipped="1" hostname="W109B7DG32" errors="1">
  <testcase name="setBrowser" time="0.000" classname="com.dell.delta_uat_automation.testcases.TC_1352611_AP_Global_create_a_new_SR_in_Pick_Service_Request_Applet_order_based_UI">
    <error type="java.io.FileNotFoundException" message="C:\GSD_Automation\data\Config.properties (The system cannot find the path specified)">
      <![CDATA[java.io.FileNotFoundException: C:\GSD_Automation\data\Config.properties (The system cannot find the path specified)
	at java.io.FileInputStream.open0(Native Method)
	at java.io.FileInputStream.open(Unknown Source)
	at java.io.FileInputStream.<init>(Unknown Source)
	at java.io.FileInputStream.<init>(Unknown Source)
	at com.dell.delta_uat_automation.utility.CommonUtility.loadPropertyFile(CommonUtility.java:74)
	at com.dell.delta_uat_automation.utility.BrowserInitialization.setBrowser(BrowserInitialization.java:81)
	at sun.reflect.NativeMethodAccessorImpl.invoke0(Native Method)
	at sun.reflect.NativeMethodAccessorImpl.invoke(Unknown Source)
	at sun.reflect.DelegatingMethodAccessorImpl.invoke(Unknown Source)
	at java.lang.reflect.Method.invoke(Unknown Source)
	at org.testng.internal.MethodInvocationHelper.invokeMethod(MethodInvocationHelper.java:104)
	at org.testng.internal.Invoker.invokeConfigurationMethod(Invoker.java:515)
	at org.testng.internal.Invoker.invokeConfigurations(Invoker.java:217)
	at org.testng.internal.Invoker.invokeConfigurations(Invoker.java:144)
	at org.testng.internal.TestMethodWorker.invokeBeforeClassMethods(TestMethodWorker.java:169)
	at org.testng.internal.TestMethodWorker.run(TestMethodWorker.java:108)
	at org.testng.TestRunner.privateRun(TestRunner.java:756)
	at org.testng.TestRunner.run(TestRunner.java:610)
	at org.testng.SuiteRunner.runTest(SuiteRunner.java:387)
	at org.testng.SuiteRunner.runSequentially(SuiteRunner.java:382)
	at org.testng.SuiteRunner.privateRun(SuiteRunner.java:340)
	at org.testng.SuiteRunner.run(SuiteRunner.java:289)
	at org.testng.SuiteRunnerWorker.runSuite(SuiteRunnerWorker.java:52)
	at org.testng.SuiteRunnerWorker.run(SuiteRunnerWorker.java:86)
	at org.testng.TestNG.runSuitesSequentially(TestNG.java:1293)
	at org.testng.TestNG.runSuitesLocally(TestNG.java:1218)
	at org.testng.TestNG.runSuites(TestNG.java:1133)
	at org.testng.TestNG.run(TestNG.java:1104)
	at com.dell.delta_uat_automation.utility.TestNGCreator.createXml(TestNGCreator.java:286)
	at com.dell.delta_uat_automation.utility.TestNGCreator.main(TestNGCreator.java:204)
]]>
    </error>
  </testcase> <!-- setBrowser -->
  <testcase name="validate_TC_1352611_AP_Global_create_a_new_SR_in_Pick_Service_Request_Applet_order_based_UI" time="0.000" classname="com.dell.delta_uat_automation.testcases.TC_1352611_AP_Global_create_a_new_SR_in_Pick_Service_Request_Applet_order_based_UI">
    <skipped/>
  </testcase> <!-- validate_TC_1352611_AP_Global_create_a_new_SR_in_Pick_Service_Request_Applet_order_based_UI -->
</testsuite> <!-- com.dell.delta_uat_automation.testcases.TC_1352611_AP_Global_create_a_new_SR_in_Pick_Service_Request_Applet_order_based_UI -->
